<?xml version="1.0" encoding="UTF-8"?>
<testsuite name="testTDD" tests="1" skipped="0" failures="0" errors="0" timestamp="2020-10-26T11:00:34" hostname="DESKTOP-7FT5EBS" time="0.003">
  <properties/>
  <testcase name="given_Mins_dist_ReturnAmount" classname="testTDD" time="0.003"/>
  <system-out><![CDATA[]]></system-out>
  <system-err><![CDATA[]]></system-err>
</testsuite>
